<?xml version="1.0" encoding="UTF-8"?>
<coverage generated="1773502668629" clover="3.2.0">
  <project timestamp="1773502668629" name="All files">
    <metrics statements="101" coveredstatements="43" conditionals="15" coveredconditionals="4" methods="17" coveredmethods="7" elements="133" coveredelements="54" complexity="0" loc="101" ncloc="101" packages="1" files="3" classes="3"/>
    <file name="dayPlanner.ts" path="C:\Users\hkhan\Desktop\2026hackathon\technician_dispatch\src\dayPlanner.ts">
      <metrics statements="43" coveredstatements="43" conditionals="5" coveredconditionals="4" methods="7" coveredmethods="7"/>
      <line num="51" count="1" type="stmt"/>
      <line num="60" count="448" type="stmt"/>
      <line num="61" count="1792" type="stmt"/>
      <line num="62" count="448" type="stmt"/>
      <line num="63" count="448" type="stmt"/>
      <line num="64" count="448" type="stmt"/>
      <line num="65" count="448" type="stmt"/>
      <line num="67" count="448" type="stmt"/>
      <line num="69" count="448" type="stmt"/>
      <line num="77" count="448" type="stmt"/>
      <line num="87" count="25" type="stmt"/>
      <line num="89" count="15" type="stmt"/>
      <line num="90" count="15" type="stmt"/>
      <line num="92" count="15" type="stmt"/>
      <line num="93" count="25" type="stmt"/>
      <line num="94" count="25" type="cond" truecount="1" falsecount="0"/>
      <line num="96" count="22" type="stmt"/>
      <line num="102" count="22" type="stmt"/>
      <line num="104" count="22" type="cond" truecount="0" falsecount="1"/>
      <line num="106" count="22" type="stmt"/>
      <line num="109" count="12" type="stmt"/>
      <line num="113" count="107" type="stmt"/>
      <line num="115" count="19" type="stmt"/>
      <line num="116" count="19" type="stmt"/>
      <line num="117" count="19" type="stmt"/>
      <line num="119" count="19" type="stmt"/>
      <line num="121" count="80" type="stmt"/>
      <line num="122" count="80" type="stmt"/>
      <line num="123" count="80" type="stmt"/>
      <line num="125" count="80" type="stmt"/>
      <line num="127" count="426" type="stmt"/>
      <line num="133" count="426" type="stmt"/>
      <line num="135" count="426" type="cond" truecount="1" falsecount="0"/>
      <line num="137" count="324" type="cond" truecount="1" falsecount="0"/>
      <line num="138" count="71" type="stmt"/>
      <line num="139" count="71" type="stmt"/>
      <line num="140" count="71" type="stmt"/>
      <line num="144" count="80" type="cond" truecount="1" falsecount="0"/>
      <line num="146" count="68" type="stmt"/>
      <line num="147" count="68" type="stmt"/>
      <line num="149" count="68" type="stmt"/>
      <line num="150" count="68" type="stmt"/>
      <line num="153" count="19" type="stmt"/>
    </file>
    <file name="routeOptimizer.ts" path="C:\Users\hkhan\Desktop\2026hackathon\technician_dispatch\src\routeOptimizer.ts">
      <metrics statements="45" coveredstatements="0" conditionals="10" coveredconditionals="0" methods="4" coveredmethods="0"/>
      <line num="42" count="0" type="stmt"/>
      <line num="51" count="0" type="stmt"/>
      <line num="52" count="0" type="stmt"/>
      <line num="53" count="0" type="stmt"/>
      <line num="54" count="0" type="stmt"/>
      <line num="55" count="0" type="stmt"/>
      <line num="56" count="0" type="stmt"/>
      <line num="58" count="0" type="stmt"/>
      <line num="60" count="0" type="stmt"/>
      <line num="71" count="0" type="cond" truecount="0" falsecount="1"/>
      <line num="72" count="0" type="stmt"/>
      <line num="75" count="0" type="stmt"/>
      <line num="76" count="0" type="stmt"/>
      <line num="77" count="0" type="stmt"/>
      <line num="80" count="0" type="stmt"/>
      <line num="81" count="0" type="stmt"/>
      <line num="83" count="0" type="stmt"/>
      <line num="84" count="0" type="stmt"/>
      <line num="85" count="0" type="cond" truecount="0" falsecount="1"/>
      <line num="86" count="0" type="stmt"/>
      <line num="89" count="0" type="stmt"/>
      <line num="90" count="0" type="stmt"/>
      <line num="93" count="0" type="stmt"/>
      <line num="98" count="0" type="cond" truecount="0" falsecount="1"/>
      <line num="99" count="0" type="stmt"/>
      <line num="106" count="0" type="stmt"/>
      <line num="107" count="0" type="stmt"/>
      <line num="108" count="0" type="stmt"/>
      <line num="110" count="0" type="stmt"/>
      <line num="111" count="0" type="stmt"/>
      <line num="112" count="0" type="stmt"/>
      <line num="115" count="0" type="stmt"/>
      <line num="116" count="0" type="stmt"/>
      <line num="117" count="0" type="stmt"/>
      <line num="118" count="0" type="stmt"/>
      <line num="120" count="0" type="stmt"/>
      <line num="122" count="0" type="cond" truecount="0" falsecount="2"/>
      <line num="125" count="0" type="cond" truecount="0" falsecount="3"/>
      <line num="126" count="0" type="stmt"/>
      <line num="127" count="0" type="stmt"/>
      <line num="131" count="0" type="stmt"/>
      <line num="132" count="0" type="stmt"/>
      <line num="133" count="0" type="stmt"/>
      <line num="136" count="0" type="cond" truecount="0" falsecount="2"/>
      <line num="138" count="0" type="stmt"/>
    </file>
    <file name="teamSizer.ts" path="C:\Users\hkhan\Desktop\2026hackathon\technician_dispatch\src\teamSizer.ts">
      <metrics statements="13" coveredstatements="0" conditionals="0" coveredconditionals="0" methods="6" coveredmethods="0"/>
      <line num="44" count="0" type="stmt"/>
      <line num="53" count="0" type="stmt"/>
      <line num="54" count="0" type="stmt"/>
      <line num="55" count="0" type="stmt"/>
      <line num="56" count="0" type="stmt"/>
      <line num="57" count="0" type="stmt"/>
      <line num="58" count="0" type="stmt"/>
      <line num="60" count="0" type="stmt"/>
      <line num="62" count="0" type="stmt"/>
      <line num="70" count="0" type="stmt"/>
      <line num="82" count="0" type="stmt"/>
      <line num="93" count="0" type="stmt"/>
      <line num="103" count="0" type="stmt"/>
    </file>
  </project>
</coverage>
