{"C:\\Users\\hkhan\\Desktop\\2026hackathon\\technician_dispatch\\src\\dayPlanner.ts": {"path":"C:\\Users\\hkhan\\Desktop\\2026hackathon\\technician_dispatch\\src\\dayPlanner.ts","statementMap":{"0":{"start":{"line":60,"column":18},"end":{"line":60,"column":22}},"1":{"start":{"line":61,"column":22},"end":{"line":61,"column":60}},"2":{"start":{"line":61,"column":39},"end":{"line":61,"column":60}},"3":{"start":{"line":62,"column":21},"end":{"line":62,"column":58}},"4":{"start":{"line":63,"column":21},"end":{"line":63,"column":59}},"5":{"start":{"line":64,"column":21},"end":{"line":64,"column":41}},"6":{"start":{"line":65,"column":21},"end":{"line":65,"column":41}},"7":{"start":{"line":67,"column":12},"end":{"line":68,"column":69}},"8":{"start":{"line":69,"column":8},"end":{"line":69,"column":66}},"9":{"start":{"line":77,"column":8},"end":{"line":77,"column":68}},"10":{"start":{"line":87,"column":23},"end":{"line":87,"column":57}},"11":{"start":{"line":87,"column":46},"end":{"line":87,"column":55}},"12":{"start":{"line":89,"column":20},"end":{"line":89,"column":21}},"13":{"start":{"line":90,"column":30},"end":{"line":90,"column":54}},"14":{"start":{"line":92,"column":8},"end":{"line":107,"column":9}},"15":{"start":{"line":93,"column":24},"end":{"line":93,"column":38}},"16":{"start":{"line":94,"column":12},"end":{"line":94,"column":34}},"17":{"start":{"line":94,"column":22},"end":{"line":94,"column":34}},"18":{"start":{"line":96,"column":27},"end":{"line":99,"column":null}},"19":{"start":{"line":102,"column":12},"end":{"line":102,"column":49}},"20":{"start":{"line":104,"column":12},"end":{"line":104,"column":63}},"21":{"start":{"line":104,"column":51},"end":{"line":104,"column":63}},"22":{"start":{"line":106,"column":12},"end":{"line":106,"column":43}},"23":{"start":{"line":109,"column":8},"end":{"line":109,"column":21}},"24":{"start":{"line":113,"column":26},"end":{"line":113,"column":60}},"25":{"start":{"line":113,"column":49},"end":{"line":113,"column":58}},"26":{"start":{"line":115,"column":32},"end":{"line":115,"column":34}},"27":{"start":{"line":116,"column":23},"end":{"line":116,"column":24}},"28":{"start":{"line":117,"column":30},"end":{"line":117,"column":54}},"29":{"start":{"line":119,"column":8},"end":{"line":151,"column":9}},"30":{"start":{"line":121,"column":38},"end":{"line":121,"column":42}},"31":{"start":{"line":122,"column":28},"end":{"line":122,"column":36}},"32":{"start":{"line":123,"column":29},"end":{"line":123,"column":30}},"33":{"start":{"line":125,"column":12},"end":{"line":142,"column":13}},"34":{"start":{"line":127,"column":31},"end":{"line":130,"column":null}},"35":{"start":{"line":133,"column":29},"end":{"line":133,"column":56}},"36":{"start":{"line":135,"column":16},"end":{"line":135,"column":74}},"37":{"start":{"line":135,"column":65},"end":{"line":135,"column":74}},"38":{"start":{"line":137,"column":16},"end":{"line":141,"column":17}},"39":{"start":{"line":138,"column":20},"end":{"line":138,"column":37}},"40":{"start":{"line":139,"column":20},"end":{"line":139,"column":34}},"41":{"start":{"line":140,"column":20},"end":{"line":140,"column":40}},"42":{"start":{"line":144,"column":12},"end":{"line":144,"column":32}},"43":{"start":{"line":144,"column":26},"end":{"line":144,"column":32}},"44":{"start":{"line":146,"column":12},"end":{"line":146,"column":35}},"45":{"start":{"line":147,"column":12},"end":{"line":147,"column":60}},"46":{"start":{"line":149,"column":12},"end":{"line":149,"column":47}},"47":{"start":{"line":150,"column":12},"end":{"line":150,"column":41}},"48":{"start":{"line":153,"column":8},"end":{"line":159,"column":10}},"49":{"start":{"line":51,"column":0},"end":{"line":51,"column":13}}},"fnMap":{"0":{"name":"(anonymous_0)","decl":{"start":{"line":59,"column":4},"end":{"line":59,"column":21}},"loc":{"start":{"line":59,"column":52},"end":{"line":70,"column":5}}},"1":{"name":"(anonymous_1)","decl":{"start":{"line":61,"column":22},"end":{"line":61,"column":23}},"loc":{"start":{"line":61,"column":39},"end":{"line":61,"column":60}}},"2":{"name":"(anonymous_2)","decl":{"start":{"line":76,"column":4},"end":{"line":76,"column":21}},"loc":{"start":{"line":76,"column":70},"end":{"line":78,"column":5}}},"3":{"name":"(anonymous_3)","decl":{"start":{"line":82,"column":4},"end":{"line":82,"column":26}},"loc":{"start":{"line":85,"column":26},"end":{"line":110,"column":5}}},"4":{"name":"(anonymous_4)","decl":{"start":{"line":87,"column":41},"end":{"line":87,"column":42}},"loc":{"start":{"line":87,"column":46},"end":{"line":87,"column":55}}},"5":{"name":"(anonymous_5)","decl":{"start":{"line":112,"column":4},"end":{"line":112,"column":11}},"loc":{"start":{"line":112,"column":48},"end":{"line":160,"column":5}}},"6":{"name":"(anonymous_6)","decl":{"start":{"line":113,"column":44},"end":{"line":113,"column":45}},"loc":{"start":{"line":113,"column":49},"end":{"line":113,"column":58}}}},"branchMap":{"0":{"loc":{"start":{"line":94,"column":12},"end":{"line":94,"column":34}},"type":"if","locations":[{"start":{"line":94,"column":12},"end":{"line":94,"column":34}}]},"1":{"loc":{"start":{"line":104,"column":12},"end":{"line":104,"column":63}},"type":"if","locations":[{"start":{"line":104,"column":12},"end":{"line":104,"column":63}}]},"2":{"loc":{"start":{"line":135,"column":16},"end":{"line":135,"column":74}},"type":"if","locations":[{"start":{"line":135,"column":16},"end":{"line":135,"column":74}}]},"3":{"loc":{"start":{"line":137,"column":16},"end":{"line":141,"column":17}},"type":"if","locations":[{"start":{"line":137,"column":16},"end":{"line":141,"column":17}}]},"4":{"loc":{"start":{"line":144,"column":12},"end":{"line":144,"column":32}},"type":"if","locations":[{"start":{"line":144,"column":12},"end":{"line":144,"column":32}}]}},"s":{"0":448,"1":448,"2":1792,"3":448,"4":448,"5":448,"6":448,"7":448,"8":448,"9":448,"10":15,"11":25,"12":15,"13":15,"14":15,"15":25,"16":25,"17":3,"18":22,"19":22,"20":22,"21":0,"22":22,"23":12,"24":19,"25":107,"26":19,"27":19,"28":19,"29":19,"30":80,"31":80,"32":80,"33":80,"34":426,"35":426,"36":426,"37":102,"38":324,"39":71,"40":71,"41":71,"42":80,"43":12,"44":68,"45":68,"46":68,"47":68,"48":19,"49":1},"f":{"0":448,"1":1792,"2":448,"3":15,"4":25,"5":19,"6":107},"b":{"0":[3],"1":[0],"2":[102],"3":[71],"4":[12]}}
,"C:\\Users\\hkhan\\Desktop\\2026hackathon\\technician_dispatch\\src\\routeOptimizer.ts": {"path":"C:\\Users\\hkhan\\Desktop\\2026hackathon\\technician_dispatch\\src\\routeOptimizer.ts","statementMap":{"0":{"start":{"line":51,"column":18},"end":{"line":51,"column":22}},"1":{"start":{"line":52,"column":22},"end":{"line":52,"column":60}},"2":{"start":{"line":52,"column":39},"end":{"line":52,"column":60}},"3":{"start":{"line":53,"column":21},"end":{"line":53,"column":58}},"4":{"start":{"line":54,"column":21},"end":{"line":54,"column":59}},"5":{"start":{"line":55,"column":21},"end":{"line":55,"column":41}},"6":{"start":{"line":56,"column":21},"end":{"line":56,"column":41}},"7":{"start":{"line":58,"column":12},"end":{"line":59,"column":69}},"8":{"start":{"line":60,"column":8},"end":{"line":60,"column":66}},"9":{"start":{"line":71,"column":8},"end":{"line":73,"column":9}},"10":{"start":{"line":72,"column":12},"end":{"line":72,"column":21}},"11":{"start":{"line":75,"column":26},"end":{"line":75,"column":48}},"12":{"start":{"line":76,"column":8},"end":{"line":78,"column":9}},"13":{"start":{"line":77,"column":12},"end":{"line":77,"column":39}},"14":{"start":{"line":80,"column":28},"end":{"line":80,"column":29}},"15":{"start":{"line":81,"column":30},"end":{"line":81,"column":54}},"16":{"start":{"line":83,"column":8},"end":{"line":91,"column":9}},"17":{"start":{"line":84,"column":28},"end":{"line":84,"column":48}},"18":{"start":{"line":85,"column":12},"end":{"line":87,"column":13}},"19":{"start":{"line":86,"column":16},"end":{"line":86,"column":28}},"20":{"start":{"line":89,"column":12},"end":{"line":89,"column":87}},"21":{"start":{"line":90,"column":12},"end":{"line":90,"column":47}},"22":{"start":{"line":93,"column":8},"end":{"line":93,"column":29}},"23":{"start":{"line":98,"column":8},"end":{"line":104,"column":9}},"24":{"start":{"line":99,"column":12},"end":{"line":103,"column":14}},"25":{"start":{"line":106,"column":31},"end":{"line":106,"column":41}},"26":{"start":{"line":107,"column":32},"end":{"line":107,"column":34}},"27":{"start":{"line":108,"column":30},"end":{"line":108,"column":54}},"28":{"start":{"line":110,"column":8},"end":{"line":134,"column":9}},"29":{"start":{"line":111,"column":28},"end":{"line":111,"column":29}},"30":{"start":{"line":112,"column":31},"end":{"line":112,"column":98}},"31":{"start":{"line":115,"column":12},"end":{"line":129,"column":13}},"32":{"start":{"line":115,"column":29},"end":{"line":115,"column":30}},"33":{"start":{"line":116,"column":34},"end":{"line":116,"column":55}},"34":{"start":{"line":117,"column":42},"end":{"line":117,"column":101}},"35":{"start":{"line":118,"column":36},"end":{"line":118,"column":61}},"36":{"start":{"line":120,"column":41},"end":{"line":120,"column":73}},"37":{"start":{"line":122,"column":20},"end":{"line":123,"column":49}},"38":{"start":{"line":125,"column":16},"end":{"line":128,"column":17}},"39":{"start":{"line":126,"column":20},"end":{"line":126,"column":38}},"40":{"start":{"line":127,"column":20},"end":{"line":127,"column":53}},"41":{"start":{"line":131,"column":28},"end":{"line":131,"column":66}},"42":{"start":{"line":132,"column":12},"end":{"line":132,"column":35}},"43":{"start":{"line":133,"column":12},"end":{"line":133,"column":47}},"44":{"start":{"line":136,"column":32},"end":{"line":136,"column":90}},"45":{"start":{"line":138,"column":8},"end":{"line":142,"column":10}},"46":{"start":{"line":42,"column":0},"end":{"line":42,"column":13}}},"fnMap":{"0":{"name":"(anonymous_0)","decl":{"start":{"line":50,"column":4},"end":{"line":50,"column":21}},"loc":{"start":{"line":50,"column":52},"end":{"line":61,"column":5}}},"1":{"name":"(anonymous_1)","decl":{"start":{"line":52,"column":22},"end":{"line":52,"column":23}},"loc":{"start":{"line":52,"column":39},"end":{"line":52,"column":60}}},"2":{"name":"(anonymous_2)","decl":{"start":{"line":66,"column":4},"end":{"line":66,"column":26}},"loc":{"start":{"line":69,"column":26},"end":{"line":94,"column":5}}},"3":{"name":"(anonymous_3)","decl":{"start":{"line":97,"column":4},"end":{"line":97,"column":21}},"loc":{"start":{"line":97,"column":58},"end":{"line":143,"column":5}}}},"branchMap":{"0":{"loc":{"start":{"line":71,"column":8},"end":{"line":73,"column":9}},"type":"if","locations":[{"start":{"line":71,"column":8},"end":{"line":73,"column":9}}]},"1":{"loc":{"start":{"line":85,"column":12},"end":{"line":87,"column":13}},"type":"if","locations":[{"start":{"line":85,"column":12},"end":{"line":87,"column":13}}]},"2":{"loc":{"start":{"line":98,"column":8},"end":{"line":104,"column":9}},"type":"if","locations":[{"start":{"line":98,"column":8},"end":{"line":104,"column":9}}]},"3":{"loc":{"start":{"line":122,"column":20},"end":{"line":123,"column":49}},"type":"binary-expr","locations":[{"start":{"line":122,"column":20},"end":{"line":122,"column":69}},{"start":{"line":123,"column":20},"end":{"line":123,"column":49}}]},"4":{"loc":{"start":{"line":125,"column":16},"end":{"line":128,"column":17}},"type":"if","locations":[{"start":{"line":125,"column":16},"end":{"line":128,"column":17}}]},"5":{"loc":{"start":{"line":125,"column":20},"end":{"line":125,"column":58}},"type":"binary-expr","locations":[{"start":{"line":125,"column":20},"end":{"line":125,"column":36}},{"start":{"line":125,"column":40},"end":{"line":125,"column":58}}]},"6":{"loc":{"start":{"line":136,"column":32},"end":{"line":136,"column":90}},"type":"binary-expr","locations":[{"start":{"line":136,"column":32},"end":{"line":136,"column":85}},{"start":{"line":136,"column":89},"end":{"line":136,"column":90}}]}},"s":{"0":0,"1":0,"2":0,"3":0,"4":0,"5":0,"6":0,"7":0,"8":0,"9":0,"10":0,"11":0,"12":0,"13":0,"14":0,"15":0,"16":0,"17":0,"18":0,"19":0,"20":0,"21":0,"22":0,"23":0,"24":0,"25":0,"26":0,"27":0,"28":0,"29":0,"30":0,"31":0,"32":0,"33":0,"34":0,"35":0,"36":0,"37":0,"38":0,"39":0,"40":0,"41":0,"42":0,"43":0,"44":0,"45":0,"46":0},"f":{"0":0,"1":0,"2":0,"3":0},"b":{"0":[0],"1":[0],"2":[0],"3":[0,0],"4":[0],"5":[0,0],"6":[0,0]}}
,"C:\\Users\\hkhan\\Desktop\\2026hackathon\\technician_dispatch\\src\\teamSizer.ts": {"path":"C:\\Users\\hkhan\\Desktop\\2026hackathon\\technician_dispatch\\src\\teamSizer.ts","statementMap":{"0":{"start":{"line":53,"column":18},"end":{"line":53,"column":22}},"1":{"start":{"line":54,"column":22},"end":{"line":54,"column":60}},"2":{"start":{"line":54,"column":39},"end":{"line":54,"column":60}},"3":{"start":{"line":55,"column":21},"end":{"line":55,"column":58}},"4":{"start":{"line":56,"column":21},"end":{"line":56,"column":59}},"5":{"start":{"line":57,"column":21},"end":{"line":57,"column":41}},"6":{"start":{"line":58,"column":21},"end":{"line":58,"column":41}},"7":{"start":{"line":60,"column":12},"end":{"line":61,"column":69}},"8":{"start":{"line":62,"column":8},"end":{"line":62,"column":66}},"9":{"start":{"line":70,"column":8},"end":{"line":70,"column":68}},"10":{"start":{"line":82,"column":8},"end":{"line":82,"column":43}},"11":{"start":{"line":93,"column":8},"end":{"line":93,"column":43}},"12":{"start":{"line":103,"column":8},"end":{"line":103,"column":43}},"13":{"start":{"line":44,"column":0},"end":{"line":44,"column":13}}},"fnMap":{"0":{"name":"(anonymous_0)","decl":{"start":{"line":52,"column":4},"end":{"line":52,"column":21}},"loc":{"start":{"line":52,"column":52},"end":{"line":63,"column":5}}},"1":{"name":"(anonymous_1)","decl":{"start":{"line":54,"column":22},"end":{"line":54,"column":23}},"loc":{"start":{"line":54,"column":39},"end":{"line":54,"column":60}}},"2":{"name":"(anonymous_2)","decl":{"start":{"line":69,"column":4},"end":{"line":69,"column":21}},"loc":{"start":{"line":69,"column":70},"end":{"line":71,"column":5}}},"3":{"name":"(anonymous_3)","decl":{"start":{"line":75,"column":4},"end":{"line":75,"column":31}},"loc":{"start":{"line":79,"column":26},"end":{"line":83,"column":5}}},"4":{"name":"(anonymous_4)","decl":{"start":{"line":85,"column":4},"end":{"line":85,"column":13}},"loc":{"start":{"line":90,"column":31},"end":{"line":94,"column":5}}},"5":{"name":"(anonymous_5)","decl":{"start":{"line":96,"column":4},"end":{"line":96,"column":23}},"loc":{"start":{"line":100,"column":31},"end":{"line":104,"column":5}}}},"branchMap":{},"s":{"0":0,"1":0,"2":0,"3":0,"4":0,"5":0,"6":0,"7":0,"8":0,"9":0,"10":0,"11":0,"12":0,"13":0},"f":{"0":0,"1":0,"2":0,"3":0,"4":0,"5":0},"b":{}}
}
