TN:
SF:src\dayPlanner.ts
FN:59,(anonymous_0)
FN:61,(anonymous_1)
FN:76,(anonymous_2)
FN:82,(anonymous_3)
FN:87,(anonymous_4)
FN:112,(anonymous_5)
FN:113,(anonymous_6)
FNF:7
FNH:7
FNDA:448,(anonymous_0)
FNDA:1792,(anonymous_1)
FNDA:448,(anonymous_2)
FNDA:15,(anonymous_3)
FNDA:25,(anonymous_4)
FNDA:19,(anonymous_5)
FNDA:107,(anonymous_6)
DA:51,1
DA:60,448
DA:61,1792
DA:62,448
DA:63,448
DA:64,448
DA:65,448
DA:67,448
DA:69,448
DA:77,448
DA:87,25
DA:89,15
DA:90,15
DA:92,15
DA:93,25
DA:94,25
DA:96,22
DA:102,22
DA:104,22
DA:106,22
DA:109,12
DA:113,107
DA:115,19
DA:116,19
DA:117,19
DA:119,19
DA:121,80
DA:122,80
DA:123,80
DA:125,80
DA:127,426
DA:133,426
DA:135,426
DA:137,324
DA:138,71
DA:139,71
DA:140,71
DA:144,80
DA:146,68
DA:147,68
DA:149,68
DA:150,68
DA:153,19
LF:43
LH:43
BRDA:94,0,0,3
BRDA:104,1,0,0
BRDA:135,2,0,102
BRDA:137,3,0,71
BRDA:144,4,0,12
BRF:5
BRH:4
end_of_record
TN:
SF:src\routeOptimizer.ts
FN:50,(anonymous_0)
FN:52,(anonymous_1)
FN:66,(anonymous_2)
FN:97,(anonymous_3)
FNF:4
FNH:0
FNDA:0,(anonymous_0)
FNDA:0,(anonymous_1)
FNDA:0,(anonymous_2)
FNDA:0,(anonymous_3)
DA:42,0
DA:51,0
DA:52,0
DA:53,0
DA:54,0
DA:55,0
DA:56,0
DA:58,0
DA:60,0
DA:71,0
DA:72,0
DA:75,0
DA:76,0
DA:77,0
DA:80,0
DA:81,0
DA:83,0
DA:84,0
DA:85,0
DA:86,0
DA:89,0
DA:90,0
DA:93,0
DA:98,0
DA:99,0
DA:106,0
DA:107,0
DA:108,0
DA:110,0
DA:111,0
DA:112,0
DA:115,0
DA:116,0
DA:117,0
DA:118,0
DA:120,0
DA:122,0
DA:125,0
DA:126,0
DA:127,0
DA:131,0
DA:132,0
DA:133,0
DA:136,0
DA:138,0
LF:45
LH:0
BRDA:71,0,0,0
BRDA:85,1,0,0
BRDA:98,2,0,0
BRDA:122,3,0,0
BRDA:122,3,1,0
BRDA:125,4,0,0
BRDA:125,5,0,0
BRDA:125,5,1,0
BRDA:136,6,0,0
BRDA:136,6,1,0
BRF:10
BRH:0
end_of_record
TN:
SF:src\teamSizer.ts
FN:52,(anonymous_0)
FN:54,(anonymous_1)
FN:69,(anonymous_2)
FN:75,(anonymous_3)
FN:85,(anonymous_4)
FN:96,(anonymous_5)
FNF:6
FNH:0
FNDA:0,(anonymous_0)
FNDA:0,(anonymous_1)
FNDA:0,(anonymous_2)
FNDA:0,(anonymous_3)
FNDA:0,(anonymous_4)
FNDA:0,(anonymous_5)
DA:44,0
DA:53,0
DA:54,0
DA:55,0
DA:56,0
DA:57,0
DA:58,0
DA:60,0
DA:62,0
DA:70,0
DA:82,0
DA:93,0
DA:103,0
LF:13
LH:0
BRF:0
BRH:0
end_of_record
